{"C:\\isac\\3aFaseSENAI\\Teste-De-Sistemas\\Atividades\\atividade-testes-01\\src\\userService.js": {"path":"C:\\isac\\3aFaseSENAI\\Teste-De-Sistemas\\Atividades\\atividade-testes-01\\src\\userService.js","statementMap":{"0":{"start":{"line":1,"column":26},"end":{"line":16,"column":1}},"1":{"start":{"line":2,"column":4},"end":{"line":4,"column":5}},"2":{"start":{"line":3,"column":8},"end":{"line":3,"column":58}},"3":{"start":{"line":4,"column":5},"end":{"line":6,"column":5}},"4":{"start":{"line":5,"column":8},"end":{"line":5,"column":60}},"5":{"start":{"line":8,"column":20},"end":{"line":14,"column":5}},"6":{"start":{"line":15,"column":4},"end":{"line":15,"column":18}}},"fnMap":{"0":{"name":"(anonymous_0)","decl":{"start":{"line":1,"column":26},"end":{"line":1,"column":27}},"loc":{"start":{"line":1,"column":39},"end":{"line":16,"column":1}},"line":1}},"branchMap":{"0":{"loc":{"start":{"line":2,"column":4},"end":{"line":4,"column":5}},"type":"if","locations":[{"start":{"line":2,"column":4},"end":{"line":4,"column":5}},{"start":{},"end":{}}],"line":2},"1":{"loc":{"start":{"line":2,"column":7},"end":{"line":2,"column":34}},"type":"binary-expr","locations":[{"start":{"line":2,"column":7},"end":{"line":2,"column":16}},{"start":{"line":2,"column":20},"end":{"line":2,"column":34}}],"line":2},"2":{"loc":{"start":{"line":4,"column":5},"end":{"line":6,"column":5}},"type":"if","locations":[{"start":{"line":4,"column":5},"end":{"line":6,"column":5}},{"start":{},"end":{}}],"line":4}},"s":{"0":1,"1":3,"2":1,"3":2,"4":1,"5":1,"6":1},"f":{"0":3},"b":{"0":[1,2],"1":[3,3],"2":[1,1]},"_coverageSchema":"1a1c01bbd47fc00a2c39e90264f33305004495a9","hash":"3c3b88804aeb1d8ad8ebbae61a4c4ca12726f74d"}
}
